\BOOKMARK [1][-]{section.1}{Introduction}{}% 1
\BOOKMARK [2][-]{subsection.1.1}{Mission of the CRG}{section.1}% 2
\BOOKMARK [2][-]{subsection.1.2}{Genome Architecture Lab}{section.1}% 3
\BOOKMARK [2][-]{subsection.1.3}{Purpose of the project}{section.1}% 4
\BOOKMARK [2][-]{subsection.1.4}{Position effects variegation}{section.1}% 5
\BOOKMARK [2][-]{subsection.1.5}{The TRIP technology}{section.1}% 6
\BOOKMARK [1][-]{section.2}{Objectives and activities}{}% 7
\BOOKMARK [2][-]{subsection.2.1}{Aim of the practicum}{section.2}% 8
\BOOKMARK [2][-]{subsection.2.2}{Experimental procedures}{section.2}% 9
\BOOKMARK [3][-]{subsubsection.2.2.1}{Barcoding PCR}{subsection.2.2}% 10
\BOOKMARK [3][-]{subsubsection.2.2.2}{DpnI digestion}{subsection.2.2}% 11
\BOOKMARK [3][-]{subsubsection.2.2.3}{MinElute kit \(Qiagen\) purification}{subsection.2.2}% 12
\BOOKMARK [3][-]{subsubsection.2.2.4}{Gibson Cloning}{subsection.2.2}% 13
\BOOKMARK [3][-]{subsubsection.2.2.5}{Ethanol precipitation}{subsection.2.2}% 14
\BOOKMARK [3][-]{subsubsection.2.2.6}{Transformation of high electrocompetent E. coli cells}{subsection.2.2}% 15
\BOOKMARK [3][-]{subsubsection.2.2.7}{MaxiPrep NucleoBond Xtra Midi kit}{subsection.2.2}% 16
\BOOKMARK [3][-]{subsubsection.2.2.8}{Cell culture and transfection}{subsection.2.2}% 17
\BOOKMARK [1][-]{section.3}{Results and Conclusion}{}% 18
\BOOKMARK [2][-]{subsection.3.1}{Barcoding PCR}{section.3}% 19
\BOOKMARK [2][-]{subsection.3.2}{Complexity of the library and plasmif yield}{section.3}% 20
\BOOKMARK [2][-]{subsection.3.3}{GFP expression}{section.3}% 21
\BOOKMARK [1][-]{section.4}{Self-assessment}{}% 22
\BOOKMARK [1][-]{section.4}{References}{}% 23
\BOOKMARK [1][-]{section.5}{Addendum}{}% 24
\BOOKMARK [2][-]{subsection.5.1}{Primer sequences}{section.5}% 25
\BOOKMARK [2][-]{subsection.5.2}{Plasmids}{section.5}% 26
\BOOKMARK [3][-]{subsubsection.5.2.1}{GFP barcoded plasmid}{subsection.5.2}% 27
\BOOKMARK [3][-]{subsubsection.5.2.2}{Sleeping Beauty plasmid}{subsection.5.2}% 28
